Краснодарский край:23
Камчатский край:41
Московская обл:50
Чеченская респ:20
Магаданская обл:49
Алтайский край:22
Свердловская обл:66
Нижегородская область:52
Дагестан респ:05
Татарстан респ:16
Забайкальский край:75
Тыва респ:17
Краснодарский кр:23
Хакасия респ:19
Пермский край:59
КАЛУЖСКАЯ ОБЛАСТЬ:40
Курская область:46
Ростовская обл:61
Красноярский край:24
Самарская обл:63
Омская обл:55
Приморский кр:25
МАГАДАНСКАЯ ОБЛАСТЬ:49
Новосибирская обл:54
Ставропольский край:26
СТАВРОПОЛЬСКИЙ КРАЙ:26
Челябинская область:74
Кировская область:43
Сахалинская обл:65
Амурская обл:28
Удмуртская респ:18
Ямало-Ненецкий автономный округ:89
Тюменская область:72
Приморский край:25
Хабаровский край:27
Вологодская область:35
Ленинградская обл:47
Карелия респ:10
Волгоградская обл:35
Адыгея респ:01
Архангельская обл:29
Башкортостан респ:02
Белгородская обл:31
Брянская обл:32
Владимирская обл:33
Вологодская обл:35
Воронежская обл:36
Ивановская обл:37
Ингушетия респ:06
Иркутская обл:38
Калмыкия респ:08
Калужская обл:40
Карачаево-Черкесская респ:09
Кемеровская обл:42
Коми респ:11
Костромская обл:44
Курганская обл:45
Оренбургская обл:56
Псковская обл:60
Рязанская обл:62
Северная Осетия - Алания респ:15
Томская обл:70
Тульская обл:71
Челябинская обл:74
Бурятия респ:03
Алтай респ:04
Ямало-Ненецкий окр:89
Тюменская обл:72
Кировская обл:43
Нижегородская обл:52
Астраханская обл:30
Пензенская обл:58
Ульяновская обл:73
Мордовия респ:13
Марий Эл респ:12
Ярославская обл:76
Тверская обл:69
Новгородская обл:53
Мурманская обл:51
Смоленская обл:67
Калининградская обл:39
Крым респ:91
Орловская обл:57
Курская обл:46
Ставропольский кр:26
Тамбовская обл:68
Кабардино-Балкарская респ:07
Тамбовская обл:68
Липецкая обл:48
Саратовская обл:64